<?xml version="1.0" encoding="UTF-8"?>
<testng-results ignored="0" total="1" passed="1" failed="0" skipped="0">
  <reporter-output>
  </reporter-output>
  <suite started-at="2023-02-22T18:25:16 EST" name="Suite" finished-at="2023-02-22T18:25:19 EST" duration-ms="2971">
    <groups>
      <group name="cucumber">
        <method signature="AbstractTestNGCucumberTests.runScenario(io.cucumber.testng.PickleWrapper,io.cucumber.testng.FeatureWrapper)[pri:0, instance:runners.Runner@74235045]" name="runScenario" class="io.cucumber.testng.AbstractTestNGCucumberTests"/>
      </group> <!-- cucumber -->
    </groups>
    <test started-at="2023-02-22T18:25:16 EST" name="Selenium Tests" finished-at="2023-02-22T18:25:19 EST" duration-ms="2971">
      <class name="runners.Runner">
        <test-method is-config="true" signature="setUpClass(org.testng.ITestContext)[pri:0, instance:runners.Runner@74235045]" started-at="2023-02-22T18:25:16 EST" name="setUpClass" finished-at="2023-02-22T18:25:17 EST" duration-ms="355" status="PASS">
          <params>
            <param index="0">
              <value>
                <![CDATA[org.testng.TestRunner@561b6512]]>
              </value>
            </param>
          </params>
          <reporter-output>
          </reporter-output>
        </test-method> <!-- setUpClass -->
        <test-method signature="runScenario(io.cucumber.testng.PickleWrapper,io.cucumber.testng.FeatureWrapper)[pri:0, instance:runners.Runner@74235045]" started-at="2023-02-22T18:25:17 EST" name="runScenario" description="Runs Cucumber Scenarios" data-provider="scenarios" finished-at="2023-02-22T18:25:19 EST" duration-ms="2556" status="PASS">
          <params>
            <param index="0">
              <value>
                <![CDATA["A basic Selenium scenario"]]>
              </value>
            </param>
            <param index="1">
              <value>
                <![CDATA["Various test cases to demonstrate the framework's capabilities"]]>
              </value>
            </param>
          </params>
          <reporter-output>
          </reporter-output>
        </test-method> <!-- runScenario -->
        <test-method is-config="true" signature="tearDownClass()[pri:0, instance:runners.Runner@74235045]" started-at="2023-02-22T18:25:19 EST" name="tearDownClass" finished-at="2023-02-22T18:25:19 EST" duration-ms="35" status="PASS">
          <reporter-output>
          </reporter-output>
        </test-method> <!-- tearDownClass -->
      </class> <!-- runners.Runner -->
    </test> <!-- Selenium Tests -->
  </suite> <!-- Suite -->
</testng-results>
