<?xml version="1.0" encoding="UTF-8"?>
<testng-results ignored="0" total="4" passed="4" failed="0" skipped="0">
  <reporter-output>
  </reporter-output>
  <suite started-at="2023-03-12T09:35:24 EDT" name="Suite" finished-at="2023-03-12T09:35:37 EDT" duration-ms="12731">
    <groups>
      <group name="cucumber">
        <method signature="AbstractTestNGCucumberTests.runScenario(io.cucumber.testng.PickleWrapper,io.cucumber.testng.FeatureWrapper)[pri:0, instance:io.github.dylanrusselldev.runners.Runner@74235045]" name="runScenario" class="io.cucumber.testng.AbstractTestNGCucumberTests"/>
      </group> <!-- cucumber -->
    </groups>
    <test started-at="2023-03-12T09:35:24 EDT" name="Selenium Tests" finished-at="2023-03-12T09:35:37 EDT" duration-ms="12731">
      <class name="io.github.dylanrusselldev.runners.Runner">
        <test-method is-config="true" signature="setUpClass(org.testng.ITestContext)[pri:0, instance:io.github.dylanrusselldev.runners.Runner@74235045]" started-at="2023-03-12T09:35:24 EDT" name="setUpClass" finished-at="2023-03-12T09:35:25 EDT" duration-ms="356" status="PASS">
          <params>
            <param index="0">
              <value>
                <![CDATA[org.testng.TestRunner@7494f96a]]>
              </value>
            </param>
          </params>
          <reporter-output>
          </reporter-output>
        </test-method> <!-- setUpClass -->
        <test-method signature="runScenario(io.cucumber.testng.PickleWrapper,io.cucumber.testng.FeatureWrapper)[pri:0, instance:io.github.dylanrusselldev.runners.Runner@74235045]" started-at="2023-03-12T09:35:25 EDT" name="runScenario" description="Runs Cucumber Scenarios" data-provider="scenarios" finished-at="2023-03-12T09:35:27 EDT" duration-ms="2873" status="PASS">
          <params>
            <param index="0">
              <value>
                <![CDATA["A basic Selenium scenario"]]>
              </value>
            </param>
            <param index="1">
              <value>
                <![CDATA["Various test cases to demonstrate the framework's capabilities"]]>
              </value>
            </param>
          </params>
          <reporter-output>
          </reporter-output>
        </test-method> <!-- runScenario -->
        <test-method signature="runScenario(io.cucumber.testng.PickleWrapper,io.cucumber.testng.FeatureWrapper)[pri:0, instance:io.github.dylanrusselldev.runners.Runner@74235045]" started-at="2023-03-12T09:35:27 EDT" name="runScenario" description="Runs Cucumber Scenarios" data-provider="scenarios" finished-at="2023-03-12T09:35:33 EDT" duration-ms="5872" status="PASS">
          <params>
            <param index="0">
              <value>
                <![CDATA["Demo of the screen recorder tool"]]>
              </value>
            </param>
            <param index="1">
              <value>
                <![CDATA["Various test cases to demonstrate the framework's capabilities"]]>
              </value>
            </param>
          </params>
          <reporter-output>
          </reporter-output>
        </test-method> <!-- runScenario -->
        <test-method signature="runScenario(io.cucumber.testng.PickleWrapper,io.cucumber.testng.FeatureWrapper)[pri:0, instance:io.github.dylanrusselldev.runners.Runner@74235045]" started-at="2023-03-12T09:35:33 EDT" name="runScenario" description="Runs Cucumber Scenarios" data-provider="scenarios" finished-at="2023-03-12T09:35:35 EDT" duration-ms="1974" status="PASS">
          <params>
            <param index="0">
              <value>
                <![CDATA["Demo of the screen recorder tool"]]>
              </value>
            </param>
            <param index="1">
              <value>
                <![CDATA["Various test cases to demonstrate the framework's capabilities"]]>
              </value>
            </param>
          </params>
          <reporter-output>
          </reporter-output>
        </test-method> <!-- runScenario -->
        <test-method signature="runScenario(io.cucumber.testng.PickleWrapper,io.cucumber.testng.FeatureWrapper)[pri:0, instance:io.github.dylanrusselldev.runners.Runner@74235045]" started-at="2023-03-12T09:35:35 EDT" name="runScenario" description="Runs Cucumber Scenarios" data-provider="scenarios" finished-at="2023-03-12T09:35:37 EDT" duration-ms="1583" status="PASS">
          <params>
            <param index="0">
              <value>
                <![CDATA["Log network error responses during execution"]]>
              </value>
            </param>
            <param index="1">
              <value>
                <![CDATA["Various test cases to demonstrate the framework's capabilities"]]>
              </value>
            </param>
          </params>
          <reporter-output>
          </reporter-output>
        </test-method> <!-- runScenario -->
        <test-method is-config="true" signature="tearDownClass()[pri:0, instance:io.github.dylanrusselldev.runners.Runner@74235045]" started-at="2023-03-12T09:35:37 EDT" name="tearDownClass" finished-at="2023-03-12T09:35:37 EDT" duration-ms="45" status="PASS">
          <reporter-output>
          </reporter-output>
        </test-method> <!-- tearDownClass -->
      </class> <!-- io.github.dylanrusselldev.runners.Runner -->
    </test> <!-- Selenium Tests -->
  </suite> <!-- Suite -->
</testng-results>
