<?xml version="1.0" encoding="UTF-8"?>
<testng-results ignored="0" total="1" passed="1" failed="0" skipped="0">
  <reporter-output>
  </reporter-output>
  <suite started-at="2022-05-10T15:59:53 EDT" name="Custom suite" finished-at="2022-05-10T15:59:56 EDT" duration-ms="3183">
    <groups>
      <group name="cucumber">
        <method signature="AbstractTestNGCucumberTests.runScenario(io.cucumber.testng.PickleWrapper, io.cucumber.testng.FeatureWrapper)[pri:0, instance:runnerClasses.Runner@36c88a32]" name="runScenario" class="io.cucumber.testng.AbstractTestNGCucumberTests"/>
      </group> <!-- cucumber -->
    </groups>
    <test started-at="2022-05-10T15:59:53 EDT" name="Selenium Tests" finished-at="2022-05-10T15:59:56 EDT" duration-ms="3183">
      <class name="runnerClasses.Runner">
        <test-method is-config="true" signature="setUpClass(org.testng.ITestContext)[pri:0, instance:runnerClasses.Runner@36c88a32]" started-at="2022-05-10T15:59:53 EDT" name="setUpClass" finished-at="2022-05-10T15:59:53 EDT" duration-ms="331" status="PASS">
          <params>
            <param index="0">
              <value>
                <![CDATA[org.testng.TestRunner@3ce1e309]]>
              </value>
            </param>
          </params>
          <reporter-output>
          </reporter-output>
        </test-method> <!-- setUpClass -->
        <test-method signature="runScenario(io.cucumber.testng.PickleWrapper, io.cucumber.testng.FeatureWrapper)[pri:0, instance:runnerClasses.Runner@36c88a32]" started-at="2022-05-10T15:59:53 EDT" name="runScenario" description="Runs Cucumber Scenarios" data-provider="scenarios" finished-at="2022-05-10T15:59:56 EDT" duration-ms="2804" status="PASS">
          <params>
            <param index="0">
              <value>
                <![CDATA["Selenium Test"]]>
              </value>
            </param>
            <param index="1">
              <value>
                <![CDATA["Testing Selenium"]]>
              </value>
            </param>
          </params>
          <reporter-output>
          </reporter-output>
        </test-method> <!-- runScenario -->
        <test-method is-config="true" signature="tearDownClass()[pri:0, instance:runnerClasses.Runner@36c88a32]" started-at="2022-05-10T15:59:56 EDT" name="tearDownClass" finished-at="2022-05-10T15:59:56 EDT" duration-ms="32" status="PASS">
          <reporter-output>
          </reporter-output>
        </test-method> <!-- tearDownClass -->
      </class> <!-- runnerClasses.Runner -->
    </test> <!-- Selenium Tests -->
  </suite> <!-- Custom suite -->
</testng-results>
