<?xml version="1.0" encoding="UTF-8"?>
<testng-results ignored="0" total="2" passed="2" failed="0" skipped="0">
  <reporter-output>
  </reporter-output>
  <suite started-at="2022-03-04T13:29:16 EST" name="Custom suite" finished-at="2022-03-04T13:29:25 EST" duration-ms="9370">
    <groups>
      <group name="cucumber">
        <method signature="AbstractTestNGCucumberTests.runScenario(io.cucumber.testng.PickleWrapper,io.cucumber.testng.FeatureWrapper)[pri:0, instance:runnerClasses.Runner@9225652]" name="runScenario" class="io.cucumber.testng.AbstractTestNGCucumberTests"/>
      </group> <!-- cucumber -->
    </groups>
    <test started-at="2022-03-04T13:29:16 EST" name="Selenium Tests" finished-at="2022-03-04T13:29:25 EST" duration-ms="9370">
      <class name="runnerClasses.Runner">
        <test-method is-config="true" signature="setUpClass(org.testng.ITestContext)[pri:0, instance:runnerClasses.Runner@9225652]" started-at="2022-03-04T13:29:16 EST" name="setUpClass" finished-at="2022-03-04T13:29:16 EST" duration-ms="327" status="PASS">
          <params>
            <param index="0">
              <value>
                <![CDATA[org.testng.TestRunner@38c6f217]]>
              </value>
            </param>
          </params>
          <reporter-output>
          </reporter-output>
        </test-method> <!-- setUpClass -->
        <test-method signature="runScenario(io.cucumber.testng.PickleWrapper,io.cucumber.testng.FeatureWrapper)[pri:0, instance:runnerClasses.Runner@9225652]" started-at="2022-03-04T13:29:16 EST" name="runScenario" description="Runs Cucumber Scenarios" data-provider="scenarios" finished-at="2022-03-04T13:29:23 EST" duration-ms="6800" status="PASS">
          <params>
            <param index="0">
              <value>
                <![CDATA["Check for Google Chrome Update"]]>
              </value>
            </param>
            <param index="1">
              <value>
                <![CDATA["Optional[Browser Actions]"]]>
              </value>
            </param>
          </params>
          <reporter-output>
          </reporter-output>
        </test-method> <!-- runScenario -->
        <test-method signature="runScenario(io.cucumber.testng.PickleWrapper,io.cucumber.testng.FeatureWrapper)[pri:0, instance:runnerClasses.Runner@9225652]" started-at="2022-03-04T13:29:23 EST" name="runScenario" description="Runs Cucumber Scenarios" data-provider="scenarios" finished-at="2022-03-04T13:29:25 EST" duration-ms="2164" status="PASS">
          <params>
            <param index="0">
              <value>
                <![CDATA["Selenium Test"]]>
              </value>
            </param>
            <param index="1">
              <value>
                <![CDATA["Optional[Testing Selenium]"]]>
              </value>
            </param>
          </params>
          <reporter-output>
          </reporter-output>
        </test-method> <!-- runScenario -->
        <test-method is-config="true" signature="tearDownClass()[pri:0, instance:runnerClasses.Runner@9225652]" started-at="2022-03-04T13:29:25 EST" name="tearDownClass" finished-at="2022-03-04T13:29:25 EST" duration-ms="58" status="PASS">
          <reporter-output>
          </reporter-output>
        </test-method> <!-- tearDownClass -->
      </class> <!-- runnerClasses.Runner -->
    </test> <!-- Selenium Tests -->
  </suite> <!-- Custom suite -->
</testng-results>
